[100%] Built target pick_place_with_grasp
-- Install configuration: ""
-- Up-to-date: /home/pannaga/ros2_ws/isaac_moveit_perception/install/perception_pipeline/lib/perception_pipeline/pick_place_with_grasp
-- Up-to-date: /home/pannaga/ros2_ws/isaac_moveit_perception/install/perception_pipeline/share/perception_pipeline//config
-- Up-to-date: /home/pannaga/ros2_ws/isaac_moveit_perception/install/perception_pipeline/share/perception_pipeline//config/sensors_3d.yaml
-- Up-to-date: /home/pannaga/ros2_ws/isaac_moveit_perception/install/perception_pipeline/share/perception_pipeline//launch
-- Up-to-date: /home/pannaga/ros2_ws/isaac_moveit_perception/install/perception_pipeline/share/perception_pipeline//launch/pick_and_place.launch.py
-- Up-to-date: /home/pannaga/ros2_ws/isaac_moveit_perception/install/perception_pipeline/share/perception_pipeline//launch/perception_pipeline_demo.launch.py
-- Up-to-date: /home/pannaga/ros2_ws/isaac_moveit_perception/install/perception_pipeline/share/perception_pipeline//src
-- Up-to-date: /home/pannaga/ros2_ws/isaac_moveit_perception/install/perception_pipeline/share/perception_pipeline//src/pick_place_with_grasp.cpp
-- Up-to-date: /home/pannaga/ros2_ws/isaac_moveit_perception/install/perception_pipeline/lib/perception_pipeline/pick_and_place.launch.py
-- Up-to-date: /home/pannaga/ros2_ws/isaac_moveit_perception/install/perception_pipeline/lib/perception_pipeline/perception_pipeline_demo.launch.py
-- Up-to-date: /home/pannaga/ros2_ws/isaac_moveit_perception/install/perception_pipeline/share/ament_index/resource_index/package_run_dependencies/perception_pipeline
-- Up-to-date: /home/pannaga/ros2_ws/isaac_moveit_perception/install/perception_pipeline/share/ament_index/resource_index/parent_prefix_path/perception_pipeline
-- Up-to-date: /home/pannaga/ros2_ws/isaac_moveit_perception/install/perception_pipeline/share/perception_pipeline/environment/ament_prefix_path.sh
-- Up-to-date: /home/pannaga/ros2_ws/isaac_moveit_perception/install/perception_pipeline/share/perception_pipeline/environment/ament_prefix_path.dsv
-- Up-to-date: /home/pannaga/ros2_ws/isaac_moveit_perception/install/perception_pipeline/share/perception_pipeline/environment/path.sh
-- Up-to-date: /home/pannaga/ros2_ws/isaac_moveit_perception/install/perception_pipeline/share/perception_pipeline/environment/path.dsv
-- Up-to-date: /home/pannaga/ros2_ws/isaac_moveit_perception/install/perception_pipeline/share/perception_pipeline/local_setup.bash
-- Up-to-date: /home/pannaga/ros2_ws/isaac_moveit_perception/install/perception_pipeline/share/perception_pipeline/local_setup.sh
-- Up-to-date: /home/pannaga/ros2_ws/isaac_moveit_perception/install/perception_pipeline/share/perception_pipeline/local_setup.zsh
-- Up-to-date: /home/pannaga/ros2_ws/isaac_moveit_perception/install/perception_pipeline/share/perception_pipeline/local_setup.dsv
-- Installing: /home/pannaga/ros2_ws/isaac_moveit_perception/install/perception_pipeline/share/perception_pipeline/package.dsv
-- Up-to-date: /home/pannaga/ros2_ws/isaac_moveit_perception/install/perception_pipeline/share/ament_index/resource_index/packages/perception_pipeline
-- Up-to-date: /home/pannaga/ros2_ws/isaac_moveit_perception/install/perception_pipeline/share/perception_pipeline/cmake/perception_pipelineConfig.cmake
-- Up-to-date: /home/pannaga/ros2_ws/isaac_moveit_perception/install/perception_pipeline/share/perception_pipeline/cmake/perception_pipelineConfig-version.cmake
-- Up-to-date: /home/pannaga/ros2_ws/isaac_moveit_perception/install/perception_pipeline/share/perception_pipeline/package.xml
