[0.793s] Invoking command in '/home/pannaga/Documents/panda_path_planning_task/ros2_ws/src/panda_path_planning': PYTHONPATH=/home/pannaga/Documents/panda_path_planning_task/ros2_ws/build/panda_path_planning/prefix_override:/usr/lib/python3/dist-packages/colcon_core/task/python/colcon_distutils_commands:/home/pannaga/Documents/panda_path_planning_task/ros2_ws/install/panda_path_planning/lib/python3.10/site-packages:${PYTHONPATH} /usr/bin/python3 -W ignore:setup.py install is deprecated -W ignore:easy_install command is deprecated setup.py egg_info --egg-base ../../build/panda_path_planning build --build-base /home/pannaga/Documents/panda_path_planning_task/ros2_ws/build/panda_path_planning/build install --record /home/pannaga/Documents/panda_path_planning_task/ros2_ws/build/panda_path_planning/install.log --single-version-externally-managed install_data
[1.063s] running egg_info
[1.063s] creating ../../build/panda_path_planning/panda_path_planning.egg-info
[1.064s] writing manifest file '../../build/panda_path_planning/panda_path_planning.egg-info/SOURCES.txt'
[1.067s] writing manifest file '../../build/panda_path_planning/panda_path_planning.egg-info/SOURCES.txt'
[1.067s] running build
[1.067s] running build_py
[1.067s] creating /home/pannaga/Documents/panda_path_planning_task/ros2_ws/build/panda_path_planning/build
[1.067s] creating /home/pannaga/Documents/panda_path_planning_task/ros2_ws/build/panda_path_planning/build/lib
[1.067s] creating /home/pannaga/Documents/panda_path_planning_task/ros2_ws/build/panda_path_planning/build/lib/panda_path_planning
[1.068s] copying panda_path_planning/__init__.py -> /home/pannaga/Documents/panda_path_planning_task/ros2_ws/build/panda_path_planning/build/lib/panda_path_planning
[1.068s] running install
[1.070s] running install_lib
[1.071s] creating /home/pannaga/Documents/panda_path_planning_task/ros2_ws/install/panda_path_planning/lib/python3.10/site-packages/panda_path_planning
[1.071s] copying /home/pannaga/Documents/panda_path_planning_task/ros2_ws/build/panda_path_planning/build/lib/panda_path_planning/__init__.py -> /home/pannaga/Documents/panda_path_planning_task/ros2_ws/install/panda_path_planning/lib/python3.10/site-packages/panda_path_planning
[1.071s] byte-compiling /home/pannaga/Documents/panda_path_planning_task/ros2_ws/install/panda_path_planning/lib/python3.10/site-packages/panda_path_planning/__init__.py to __init__.cpython-310.pyc
[1.072s] running install_data
[1.072s] creating /home/pannaga/Documents/panda_path_planning_task/ros2_ws/install/panda_path_planning/share/ament_index
[1.072s] creating /home/pannaga/Documents/panda_path_planning_task/ros2_ws/install/panda_path_planning/share/ament_index/resource_index
[1.072s] creating /home/pannaga/Documents/panda_path_planning_task/ros2_ws/install/panda_path_planning/share/ament_index/resource_index/packages
[1.072s] copying resource/panda_path_planning -> /home/pannaga/Documents/panda_path_planning_task/ros2_ws/install/panda_path_planning/share/ament_index/resource_index/packages
[1.072s] copying package.xml -> /home/pannaga/Documents/panda_path_planning_task/ros2_ws/install/panda_path_planning/share/panda_path_planning
[1.072s] creating /home/pannaga/Documents/panda_path_planning_task/ros2_ws/install/panda_path_planning/share/panda_path_planning/launch
[1.072s] copying launch/bringup_panda_demo.launch.py -> /home/pannaga/Documents/panda_path_planning_task/ros2_ws/install/panda_path_planning/share/panda_path_planning/launch
[1.073s] creating /home/pannaga/Documents/panda_path_planning_task/ros2_ws/install/panda_path_planning/share/panda_path_planning/config
[1.073s] running install_egg_info
[1.074s] Copying ../../build/panda_path_planning/panda_path_planning.egg-info to /home/pannaga/Documents/panda_path_planning_task/ros2_ws/install/panda_path_planning/lib/python3.10/site-packages/panda_path_planning-0.0.0-py3.10.egg-info
[1.075s] running install_scripts
[1.108s] writing list of installed files to '/home/pannaga/Documents/panda_path_planning_task/ros2_ws/build/panda_path_planning/install.log'
[1.157s] Invoked command in '/home/pannaga/Documents/panda_path_planning_task/ros2_ws/src/panda_path_planning' returned '0': PYTHONPATH=/home/pannaga/Documents/panda_path_planning_task/ros2_ws/build/panda_path_planning/prefix_override:/usr/lib/python3/dist-packages/colcon_core/task/python/colcon_distutils_commands:/home/pannaga/Documents/panda_path_planning_task/ros2_ws/install/panda_path_planning/lib/python3.10/site-packages:${PYTHONPATH} /usr/bin/python3 -W ignore:setup.py install is deprecated -W ignore:easy_install command is deprecated setup.py egg_info --egg-base ../../build/panda_path_planning build --build-base /home/pannaga/Documents/panda_path_planning_task/ros2_ws/build/panda_path_planning/build install --record /home/pannaga/Documents/panda_path_planning_task/ros2_ws/build/panda_path_planning/install.log --single-version-externally-managed install_data
