running egg_info
creating ../../build/panda_path_planning/panda_path_planning.egg-info
writing manifest file '../../build/panda_path_planning/panda_path_planning.egg-info/SOURCES.txt'
writing manifest file '../../build/panda_path_planning/panda_path_planning.egg-info/SOURCES.txt'
running build
running build_py
creating /home/pannaga/Documents/panda_path_planning_task/ros2_ws/build/panda_path_planning/build
creating /home/pannaga/Documents/panda_path_planning_task/ros2_ws/build/panda_path_planning/build/lib
creating /home/pannaga/Documents/panda_path_planning_task/ros2_ws/build/panda_path_planning/build/lib/panda_path_planning
copying panda_path_planning/obstacle_publisher.py -> /home/pannaga/Documents/panda_path_planning_task/ros2_ws/build/panda_path_planning/build/lib/panda_path_planning
copying panda_path_planning/__init__.py -> /home/pannaga/Documents/panda_path_planning_task/ros2_ws/build/panda_path_planning/build/lib/panda_path_planning
running install
running install_lib
creating /home/pannaga/Documents/panda_path_planning_task/ros2_ws/install/panda_path_planning/lib/python3.10/site-packages/panda_path_planning
copying /home/pannaga/Documents/panda_path_planning_task/ros2_ws/build/panda_path_planning/build/lib/panda_path_planning/obstacle_publisher.py -> /home/pannaga/Documents/panda_path_planning_task/ros2_ws/install/panda_path_planning/lib/python3.10/site-packages/panda_path_planning
copying /home/pannaga/Documents/panda_path_planning_task/ros2_ws/build/panda_path_planning/build/lib/panda_path_planning/__init__.py -> /home/pannaga/Documents/panda_path_planning_task/ros2_ws/install/panda_path_planning/lib/python3.10/site-packages/panda_path_planning
byte-compiling /home/pannaga/Documents/panda_path_planning_task/ros2_ws/install/panda_path_planning/lib/python3.10/site-packages/panda_path_planning/obstacle_publisher.py to obstacle_publisher.cpython-310.pyc
byte-compiling /home/pannaga/Documents/panda_path_planning_task/ros2_ws/install/panda_path_planning/lib/python3.10/site-packages/panda_path_planning/__init__.py to __init__.cpython-310.pyc
running install_data
creating /home/pannaga/Documents/panda_path_planning_task/ros2_ws/install/panda_path_planning/share/ament_index
creating /home/pannaga/Documents/panda_path_planning_task/ros2_ws/install/panda_path_planning/share/ament_index/resource_index
creating /home/pannaga/Documents/panda_path_planning_task/ros2_ws/install/panda_path_planning/share/ament_index/resource_index/packages
copying resource/panda_path_planning -> /home/pannaga/Documents/panda_path_planning_task/ros2_ws/install/panda_path_planning/share/ament_index/resource_index/packages
copying package.xml -> /home/pannaga/Documents/panda_path_planning_task/ros2_ws/install/panda_path_planning/share/panda_path_planning
creating /home/pannaga/Documents/panda_path_planning_task/ros2_ws/install/panda_path_planning/share/panda_path_planning/launch
copying launch/bringup_panda_demo.launch.py -> /home/pannaga/Documents/panda_path_planning_task/ros2_ws/install/panda_path_planning/share/panda_path_planning/launch
creating /home/pannaga/Documents/panda_path_planning_task/ros2_ws/install/panda_path_planning/share/panda_path_planning/config
running install_egg_info
Copying ../../build/panda_path_planning/panda_path_planning.egg-info to /home/pannaga/Documents/panda_path_planning_task/ros2_ws/install/panda_path_planning/lib/python3.10/site-packages/panda_path_planning-0.0.0-py3.10.egg-info
running install_scripts
writing list of installed files to '/home/pannaga/Documents/panda_path_planning_task/ros2_ws/build/panda_path_planning/install.log'
