[0.711s] Invoking command in '/home/pannaga/Documents/panda_path_planning_task/ros2_ws/src/panda_path_planning': PYTHONPATH=/home/pannaga/Documents/panda_path_planning_task/ros2_ws/build/panda_path_planning/prefix_override:/usr/lib/python3/dist-packages/colcon_core/task/python/colcon_distutils_commands:/home/pannaga/Documents/panda_path_planning_task/ros2_ws/install/panda_path_planning/lib/python3.10/site-packages:${PYTHONPATH} /usr/bin/python3 -W ignore:setup.py install is deprecated -W ignore:easy_install command is deprecated setup.py egg_info --egg-base ../../build/panda_path_planning build --build-base /home/pannaga/Documents/panda_path_planning_task/ros2_ws/build/panda_path_planning/build install --record /home/pannaga/Documents/panda_path_planning_task/ros2_ws/build/panda_path_planning/install.log --single-version-externally-managed install_data
[0.977s] running egg_info
[0.978s] creating ../../build/panda_path_planning/panda_path_planning.egg-info
[0.979s] writing manifest file '../../build/panda_path_planning/panda_path_planning.egg-info/SOURCES.txt'
[0.981s] writing manifest file '../../build/panda_path_planning/panda_path_planning.egg-info/SOURCES.txt'
[0.981s] running build
[0.981s] running build_py
[0.981s] creating /home/pannaga/Documents/panda_path_planning_task/ros2_ws/build/panda_path_planning/build
[0.981s] creating /home/pannaga/Documents/panda_path_planning_task/ros2_ws/build/panda_path_planning/build/lib
[0.981s] creating /home/pannaga/Documents/panda_path_planning_task/ros2_ws/build/panda_path_planning/build/lib/panda_path_planning
[0.981s] copying panda_path_planning/obstacle_publisher.py -> /home/pannaga/Documents/panda_path_planning_task/ros2_ws/build/panda_path_planning/build/lib/panda_path_planning
[0.981s] copying panda_path_planning/__init__.py -> /home/pannaga/Documents/panda_path_planning_task/ros2_ws/build/panda_path_planning/build/lib/panda_path_planning
[0.982s] running install
[0.983s] running install_lib
[0.984s] creating /home/pannaga/Documents/panda_path_planning_task/ros2_ws/install/panda_path_planning/lib/python3.10/site-packages/panda_path_planning
[0.984s] copying /home/pannaga/Documents/panda_path_planning_task/ros2_ws/build/panda_path_planning/build/lib/panda_path_planning/obstacle_publisher.py -> /home/pannaga/Documents/panda_path_planning_task/ros2_ws/install/panda_path_planning/lib/python3.10/site-packages/panda_path_planning
[0.984s] copying /home/pannaga/Documents/panda_path_planning_task/ros2_ws/build/panda_path_planning/build/lib/panda_path_planning/__init__.py -> /home/pannaga/Documents/panda_path_planning_task/ros2_ws/install/panda_path_planning/lib/python3.10/site-packages/panda_path_planning
[0.985s] byte-compiling /home/pannaga/Documents/panda_path_planning_task/ros2_ws/install/panda_path_planning/lib/python3.10/site-packages/panda_path_planning/obstacle_publisher.py to obstacle_publisher.cpython-310.pyc
[0.985s] byte-compiling /home/pannaga/Documents/panda_path_planning_task/ros2_ws/install/panda_path_planning/lib/python3.10/site-packages/panda_path_planning/__init__.py to __init__.cpython-310.pyc
[0.985s] running install_data
[0.986s] creating /home/pannaga/Documents/panda_path_planning_task/ros2_ws/install/panda_path_planning/share/ament_index
[0.986s] creating /home/pannaga/Documents/panda_path_planning_task/ros2_ws/install/panda_path_planning/share/ament_index/resource_index
[0.986s] creating /home/pannaga/Documents/panda_path_planning_task/ros2_ws/install/panda_path_planning/share/ament_index/resource_index/packages
[0.986s] copying resource/panda_path_planning -> /home/pannaga/Documents/panda_path_planning_task/ros2_ws/install/panda_path_planning/share/ament_index/resource_index/packages
[0.986s] copying package.xml -> /home/pannaga/Documents/panda_path_planning_task/ros2_ws/install/panda_path_planning/share/panda_path_planning
[0.986s] creating /home/pannaga/Documents/panda_path_planning_task/ros2_ws/install/panda_path_planning/share/panda_path_planning/launch
[0.986s] copying launch/bringup_panda_demo.launch.py -> /home/pannaga/Documents/panda_path_planning_task/ros2_ws/install/panda_path_planning/share/panda_path_planning/launch
[0.986s] creating /home/pannaga/Documents/panda_path_planning_task/ros2_ws/install/panda_path_planning/share/panda_path_planning/config
[0.986s] running install_egg_info
[0.987s] Copying ../../build/panda_path_planning/panda_path_planning.egg-info to /home/pannaga/Documents/panda_path_planning_task/ros2_ws/install/panda_path_planning/lib/python3.10/site-packages/panda_path_planning-0.0.0-py3.10.egg-info
[0.988s] running install_scripts
[1.008s] writing list of installed files to '/home/pannaga/Documents/panda_path_planning_task/ros2_ws/build/panda_path_planning/install.log'
[1.030s] Invoked command in '/home/pannaga/Documents/panda_path_planning_task/ros2_ws/src/panda_path_planning' returned '0': PYTHONPATH=/home/pannaga/Documents/panda_path_planning_task/ros2_ws/build/panda_path_planning/prefix_override:/usr/lib/python3/dist-packages/colcon_core/task/python/colcon_distutils_commands:/home/pannaga/Documents/panda_path_planning_task/ros2_ws/install/panda_path_planning/lib/python3.10/site-packages:${PYTHONPATH} /usr/bin/python3 -W ignore:setup.py install is deprecated -W ignore:easy_install command is deprecated setup.py egg_info --egg-base ../../build/panda_path_planning build --build-base /home/pannaga/Documents/panda_path_planning_task/ros2_ws/build/panda_path_planning/build install --record /home/pannaga/Documents/panda_path_planning_task/ros2_ws/build/panda_path_planning/install.log --single-version-externally-managed install_data
